This file contains any messages produced by compilers while
running configure, to aid debugging if configure makes a mistake.

It was created by the fast lexical analyser generator configure 2.6.4, which was
generated by GNU Autoconf 2.69.  Invocation command line was

  $ ./configure 

## --------- ##
## Platform. ##
## --------- ##

hostname = nontawat-VirtualBox
uname -m = x86_64
uname -r = 5.13.0-40-generic
uname -s = Linux
uname -v = #45~20.04.1-Ubuntu SMP Mon Apr 4 09:38:31 UTC 2022

/usr/bin/uname -p = x86_64
/bin/uname -X     = unknown

/bin/arch              = x86_64
/usr/bin/arch -k       = unknown
/usr/convex/getsysinfo = unknown
/usr/bin/hostinfo      = unknown
/bin/machine           = unknown
/usr/bin/oslevel       = unknown
/bin/universe          = unknown

PATH: /usr/local/sbin
PATH: /usr/local/bin
PATH: /usr/sbin
PATH: /usr/bin
PATH: /sbin
PATH: /bin
PATH: /usr/games
PATH: /usr/local/games
PATH: /snap/bin


## ----------- ##
## Core tests. ##
## ----------- ##

configure:2544: checking build system type
configure:2558: result: x86_64-pc-linux-gnu
configure:2578: checking host system type
configure:2591: result: x86_64-pc-linux-gnu
configure:2632: checking how to print strings
configure:2659: result: printf
configure:2731: checking for gcc
configure:2747: found /usr/bin/gcc
configure:2758: result: gcc
configure:2987: checking for C compiler version
configure:2996: gcc --version >&5
gcc (Ubuntu 9.4.0-1ubuntu1~20.04.1) 9.4.0
Copyright (C) 2019 Free Software Foundation, Inc.
This is free software; see the source for copying conditions.  There is NO
warranty; not even for MERCHANTABILITY or FITNESS FOR A PARTICULAR PURPOSE.

configure:3007: $? = 0
configure:2996: gcc -v >&5
Using built-in specs.
COLLECT_GCC=gcc
COLLECT_LTO_WRAPPER=/usr/lib/gcc/x86_64-linux-gnu/9/lto-wrapper
OFFLOAD_TARGET_NAMES=nvptx-none:hsa
OFFLOAD_TARGET_DEFAULT=1
Target: x86_64-linux-gnu
Configured with: ../src/configure -v --with-pkgversion='Ubuntu 9.4.0-1ubuntu1~20.04.1' --with-bugurl=file:///usr/share/doc/gcc-9/README.Bugs --enable-languages=c,ada,c++,go,brig,d,fortran,objc,obj-c++,gm2 --prefix=/usr --with-gcc-major-version-only --program-suffix=-9 --program-prefix=x86_64-linux-gnu- --enable-shared --enable-linker-build-id --libexecdir=/usr/lib --without-included-gettext --enable-threads=posix --libdir=/usr/lib --enable-nls --enable-clocale=gnu --enable-libstdcxx-debug --enable-libstdcxx-time=yes --with-default-libstdcxx-abi=new --enable-gnu-unique-object --disable-vtable-verify --enable-plugin --enable-default-pie --with-system-zlib --with-target-system-zlib=auto --enable-objc-gc=auto --enable-multiarch --disable-werror --with-arch-32=i686 --with-abi=m64 --with-multilib-list=m32,m64,mx32 --enable-multilib --with-tune=generic --enable-offload-targets=nvptx-none=/build/gcc-9-Av3uEd/gcc-9-9.4.0/debian/tmp-nvptx/usr,hsa --without-cuda-driver --enable-checking=release --build=x86_64-linux-gnu --host=x86_64-linux-gnu --target=x86_64-linux-gnu
Thread model: posix
gcc version 9.4.0 (Ubuntu 9.4.0-1ubuntu1~20.04.1) 
configure:3007: $? = 0
configure:2996: gcc -V >&5
gcc: error: unrecognized command line option '-V'
gcc: fatal error: no input files
compilation terminated.
configure:3007: $? = 1
configure:2996: gcc -qversion >&5
gcc: error: unrecognized command line option '-qversion'; did you mean '--version'?
gcc: fatal error: no input files
compilation terminated.
configure:3007: $? = 1
configure:3027: checking whether the C compiler works
configure:3049: gcc    conftest.c  >&5
configure:3053: $? = 0
configure:3101: result: yes
configure:3104: checking for C compiler default output file name
configure:3106: result: a.out
configure:3112: checking for suffix of executables
configure:3119: gcc -o conftest    conftest.c  >&5
configure:3123: $? = 0
configure:3145: result: 
configure:3167: checking whether we are cross compiling
configure:3175: gcc -o conftest    conftest.c  >&5
configure:3179: $? = 0
configure:3186: ./conftest
configure:3190: $? = 0
configure:3178: result: no
configure:3183: checking for suffix of object files
configure:3205: gcc -c   conftest.c >&5
configure:3209: $? = 0
configure:3230: result: o
configure:3234: checking whether we are using the GNU C compiler
configure:3253: gcc -c   conftest.c >&5
configure:3253: $? = 0
configure:3262: result: yes
configure:3271: checking whether gcc accepts -g
configure:3291: gcc -c -g  conftest.c >&5
configure:3291: $? = 0
configure:3332: result: yes
configure:3349: checking for gcc option to accept ISO C89
configure:3412: gcc  -c -g -O2  conftest.c >&5
configure:3412: $? = 0
configure:3425: result: none needed
configure:3450: checking whether gcc understands -c and -o together
configure:3472: gcc -c conftest.c -o conftest2.o
configure:3475: $? = 0
configure:3472: gcc -c conftest.c -o conftest2.o
configure:3475: $? = 0
configure:3487: result: yes
configure:3504: checking for a sed that does not truncate output
configure:3568: result: /usr/bin/sed
configure:3586: checking for grep that handles long lines and -e
configure:3644: result: /usr/bin/grep
configure:3649: checking for egrep
configure:3711: result: /usr/bin/grep -E
configure:3716: checking for fgrep
configure:3778: result: /usr/bin/grep -F
configure:3813: checking for ld used by gcc
configure:3880: result: /usr/bin/ld
configure:3887: checking if the linker (/usr/bin/ld) is GNU ld
configure:3902: result: yes
configure:3914: checking for BSD- or MS-compatible name lister (nm)
configure:3968: result: /usr/bin/nm -B
configure:4098: checking the name lister (/usr/bin/nm -B) interface
configure:4105: gcc -c -g -O2  conftest.c >&5
configure:4108: /usr/bin/nm -B "conftest.o"
configure:4111: output
0000000000000000 B some_variable
configure:4112: result: BSD nm
configure:4115: checking whether ln -s works
configure:4119: result: yes
configure:4127: checking the maximum length of command line arguments
configure:4258: result: 1572864
configure:4306: checking how to convert x86_64-pc-linux-gnu file names to x86_64-pc-linux-gnu format
configure:4346: result: func_convert_file_noop
configure:4353: checking how to convert x86_64-pc-linux-gnu file names to toolchain format
configure:4373: result: func_convert_file_noop
configure:4380: checking for /usr/bin/ld option to reload object files
configure:4387: result: -r
configure:4461: checking for objdump
configure:4477: found /usr/bin/objdump
configure:4488: result: objdump
configure:4520: checking how to recognize dependent libraries
configure:4720: result: pass_all
configure:4805: checking for dlltool
configure:4835: result: no
configure:4865: checking how to associate runtime and link libraries
configure:4892: result: printf %s\n
configure:4953: checking for ar
configure:4969: found /usr/bin/ar
configure:4980: result: ar
configure:5017: checking for archiver @FILE support
configure:5034: gcc -c -g -O2  conftest.c >&5
configure:5034: $? = 0
configure:5037: ar cru libconftest.a @conftest.lst >&5
ar: `u' modifier ignored since `D' is the default (see `U')
configure:5040: $? = 0
configure:5045: ar cru libconftest.a @conftest.lst >&5
ar: `u' modifier ignored since `D' is the default (see `U')
ar: conftest.o: No such file or directory
configure:5048: $? = 1
configure:5047: result: @
configure:5105: checking for strip
configure:5121: found /usr/bin/strip
configure:5132: result: strip
configure:5204: checking for ranlib
configure:5220: found /usr/bin/ranlib
configure:5231: result: ranlib
configure:5308: checking for gawk
configure:5324: found /usr/bin/gawk
configure:5335: result: gawk
configure:5375: checking command to parse /usr/bin/nm -B output from gcc object
configure:5528: gcc -c -g -O2  conftest.c >&5
configure:5531: $? = 0
configure:5535: /usr/bin/nm -B conftest.o \| sed -n -e 's/^.*[ ]\([ABCDGIRSTW][ABCDGIRSTW]*\)[ ][ ]*\([_A-Za-z][_A-Za-z0-9]*\)$/\1 \2 \2/p' | sed '/ __gnu_lto/d' \> conftest.nm
configure:5538: $? = 0
configure:5604: gcc -o conftest -g -O2   conftest.c conftstm.o >&5
configure:5607: $? = 0
configure:5645: result: ok
configure:5692: checking for sysroot
configure:5722: result: no
configure:5729: checking for a working dd
configure:5767: result: /usr/bin/dd
configure:5771: checking how to truncate binary pipes
configure:5786: result: /usr/bin/dd bs=4096 count=1
configure:5922: gcc -c -g -O2  conftest.c >&5
configure:5925: $? = 0
configure:6115: checking for mt
configure:6131: found /usr/bin/mt
configure:6142: result: mt
configure:6165: checking if mt is a manifest tool
configure:6171: mt '-?'
configure:6179: result: no
configure:6856: checking how to run the C preprocessor
configure:6887: gcc -E  conftest.c
configure:6887: $? = 0
configure:6901: gcc -E  conftest.c
conftest.c:9:10: fatal error: ac_nonexistent.h: No such file or directory
    9 | #include <ac_nonexistent.h>
      |          ^~~~~~~~~~~~~~~~~~
compilation terminated.
configure:6901: $? = 1
configure: failed program was:
| /* confdefs.h */
| #define PACKAGE_NAME "the fast lexical analyser generator"
| #define PACKAGE_TARNAME "flex"
| #define PACKAGE_VERSION "2.6.4"
| #define PACKAGE_STRING "the fast lexical analyser generator 2.6.4"
| #define PACKAGE_BUGREPORT "flex-help@lists.sourceforge.net"
| #define PACKAGE_URL ""
| /* end confdefs.h.  */
| #include <ac_nonexistent.h>
configure:6926: result: gcc -E
configure:6946: gcc -E  conftest.c
configure:6946: $? = 0
configure:6960: gcc -E  conftest.c
conftest.c:9:10: fatal error: ac_nonexistent.h: No such file or directory
    9 | #include <ac_nonexistent.h>
      |          ^~~~~~~~~~~~~~~~~~
compilation terminated.
configure:6960: $? = 1
configure: failed program was:
| /* confdefs.h */
| #define PACKAGE_NAME "the fast lexical analyser generator"
| #define PACKAGE_TARNAME "flex"
| #define PACKAGE_VERSION "2.6.4"
| #define PACKAGE_STRING "the fast lexical analyser generator 2.6.4"
| #define PACKAGE_BUGREPORT "flex-help@lists.sourceforge.net"
| #define PACKAGE_URL ""
| /* end confdefs.h.  */
| #include <ac_nonexistent.h>
configure:6989: checking for ANSI C header files
configure:7009: gcc -c -g -O2  conftest.c >&5
configure:7009: $? = 0
configure:7082: gcc -o conftest -g -O2   conftest.c  >&5
configure:7082: $? = 0
configure:7082: ./conftest
configure:7082: $? = 0
configure:7093: result: yes
configure:7106: checking for sys/types.h
configure:7106: gcc -c -g -O2  conftest.c >&5
configure:7106: $? = 0
configure:7106: result: yes
configure:7106: checking for sys/stat.h
configure:7106: gcc -c -g -O2  conftest.c >&5
configure:7106: $? = 0
configure:7106: result: yes
configure:7106: checking for stdlib.h
configure:7106: gcc -c -g -O2  conftest.c >&5
configure:7106: $? = 0
configure:7106: result: yes
configure:7106: checking for string.h
configure:7106: gcc -c -g -O2  conftest.c >&5
configure:7106: $? = 0
configure:7106: result: yes
configure:7106: checking for memory.h
configure:7106: gcc -c -g -O2  conftest.c >&5
configure:7106: $? = 0
configure:7106: result: yes
configure:7106: checking for strings.h
configure:7106: gcc -c -g -O2  conftest.c >&5
configure:7106: $? = 0
configure:7106: result: yes
configure:7106: checking for inttypes.h
configure:7106: gcc -c -g -O2  conftest.c >&5
configure:7106: $? = 0
configure:7106: result: yes
configure:7106: checking for stdint.h
configure:7106: gcc -c -g -O2  conftest.c >&5
configure:7106: $? = 0
configure:7106: result: yes
configure:7106: checking for unistd.h
configure:7106: gcc -c -g -O2  conftest.c >&5
configure:7106: $? = 0
configure:7106: result: yes
configure:7120: checking for dlfcn.h
configure:7120: gcc -c -g -O2  conftest.c >&5
configure:7120: $? = 0
configure:7120: result: yes
configure:7376: checking for objdir
configure:7391: result: .libs
configure:7655: checking if gcc supports -fno-rtti -fno-exceptions
configure:7673: gcc -c -g -O2  -fno-rtti -fno-exceptions conftest.c >&5
cc1: warning: command line option '-fno-rtti' is valid for C++/D/ObjC++ but not for C
configure:7677: $? = 0
configure:7690: result: no
configure:8048: checking for gcc option to produce PIC
configure:8055: result: -fPIC -DPIC
configure:8063: checking if gcc PIC flag -fPIC -DPIC works
configure:8081: gcc -c -g -O2  -fPIC -DPIC -DPIC conftest.c >&5
configure:8085: $? = 0
configure:8098: result: yes
configure:8127: checking if gcc static flag -static works
configure:8155: result: yes
configure:8170: checking if gcc supports -c -o file.o
configure:8191: gcc -c -g -O2  -o out/conftest2.o conftest.c >&5
configure:8195: $? = 0
configure:8217: result: yes
configure:8225: checking if gcc supports -c -o file.o
configure:8272: result: yes
configure:8305: checking whether the gcc linker (/usr/bin/ld -m elf_x86_64) supports shared libraries
configure:9568: result: yes
configure:9605: checking whether -lc should be explicitly linked in
configure:9613: gcc -c -g -O2  conftest.c >&5
configure:9616: $? = 0
configure:9631: gcc -shared  -fPIC -DPIC conftest.o  -v -Wl,-soname -Wl,conftest -o conftest 2\>\&1 \| /usr/bin/grep  -lc  \>/dev/null 2\>\&1
configure:9634: $? = 0
configure:9648: result: no
configure:9808: checking dynamic linker characteristics
configure:10389: gcc -o conftest -g -O2   -Wl,-rpath -Wl,/foo conftest.c  >&5
configure:10389: $? = 0
configure:10638: result: GNU/Linux ld.so
configure:10760: checking how to hardcode library paths into programs
configure:10785: result: immediate
configure:11333: checking whether stripping libraries is possible
configure:11338: result: yes
configure:11373: checking if libtool supports shared libraries
configure:11375: result: yes
configure:11378: checking whether to build shared libraries
configure:11403: result: yes
configure:11406: checking whether to build static libraries
configure:11410: result: yes
configure:8239: checking for a BSD-compatible install
configure:8307: result: /usr/bin/install -c
configure:8318: checking whether build environment is sane
configure:8373: result: yes
configure:8519: checking for a thread-safe mkdir -p
configure:8558: result: /usr/bin/mkdir -p
configure:8561: checking whether make sets $(MAKE)
configure:8583: result: yes
configure:8613: checking for style of include used by make
configure:8641: result: GNU
configure:8675: checking whether make supports nested variables
configure:8692: result: yes
configure:8777: checking dependency style of gcc
configure:8888: result: gcc3
configure:8963: checking whether NLS is requested
configure:8972: result: yes
configure:9013: checking for msgfmt
configure: trying /usr/bin/msgfmt...
0 translated messages.
configure:9045: result: /usr/bin/msgfmt
configure:9054: checking for gmsgfmt
configure:9085: result: /usr/bin/msgfmt
configure:9136: checking for xgettext
configure: trying /usr/bin/xgettext...
/usr/bin/xgettext: warning: file '/dev/null' extension '' is unknown; will try C
configure:9168: result: /usr/bin/xgettext
configure:9214: checking for msgmerge
configure: trying /usr/bin/msgmerge...
configure:9245: result: /usr/bin/msgmerge
configure:9302: checking for ld used by GCC
configure:9366: result: /usr/bin/ld -m elf_x86_64
configure:9373: checking if the linker (/usr/bin/ld -m elf_x86_64) is GNU ld
configure:9386: result: yes
configure:9393: checking for shared library run path origin
configure:9406: result: done
configure:9978: checking for CFPreferencesCopyAppValue
configure:9996: gcc -o conftest -g -O2   conftest.c  -Wl,-framework -Wl,CoreFoundation >&5
conftest.c:23:10: fatal error: CoreFoundation/CFPreferences.h: No such file or directory
   23 | #include <CoreFoundation/CFPreferences.h>
      |          ^~~~~~~~~~~~~~~~~~~~~~~~~~~~~~~~
compilation terminated.
configure:9996: $? = 1
configure: failed program was:
| /* confdefs.h */
| #define PACKAGE_NAME "the fast lexical analyser generator"
| #define PACKAGE_TARNAME "flex"
| #define PACKAGE_VERSION "2.6.4"
| #define PACKAGE_STRING "the fast lexical analyser generator 2.6.4"
| #define PACKAGE_BUGREPORT "flex-help@lists.sourceforge.net"
| #define PACKAGE_URL ""
| #define STDC_HEADERS 1
| #define HAVE_SYS_TYPES_H 1
| #define HAVE_SYS_STAT_H 1
| #define HAVE_STDLIB_H 1
| #define HAVE_STRING_H 1
| #define HAVE_MEMORY_H 1
| #define HAVE_STRINGS_H 1
| #define HAVE_INTTYPES_H 1
| #define HAVE_STDINT_H 1
| #define HAVE_UNISTD_H 1
| #define HAVE_DLFCN_H 1
| #define LT_OBJDIR ".libs/"
| #define PACKAGE "flex"
| #define VERSION "2.6.4"
| /* end confdefs.h.  */
| #include <CoreFoundation/CFPreferences.h>
| int
| main ()
| {
| CFPreferencesCopyAppValue(NULL, NULL)
|   ;
|   return 0;
| }
configure:10005: result: no
configure:10012: checking for CFLocaleCopyCurrent
configure:10030: gcc -o conftest -g -O2   conftest.c  -Wl,-framework -Wl,CoreFoundation >&5
conftest.c:23:10: fatal error: CoreFoundation/CFLocale.h: No such file or directory
   23 | #include <CoreFoundation/CFLocale.h>
      |          ^~~~~~~~~~~~~~~~~~~~~~~~~~~
compilation terminated.
configure:10030: $? = 1
configure: failed program was:
| /* confdefs.h */
| #define PACKAGE_NAME "the fast lexical analyser generator"
| #define PACKAGE_TARNAME "flex"
| #define PACKAGE_VERSION "2.6.4"
| #define PACKAGE_STRING "the fast lexical analyser generator 2.6.4"
| #define PACKAGE_BUGREPORT "flex-help@lists.sourceforge.net"
| #define PACKAGE_URL ""
| #define STDC_HEADERS 1
| #define HAVE_SYS_TYPES_H 1
| #define HAVE_SYS_STAT_H 1
| #define HAVE_STDLIB_H 1
| #define HAVE_STRING_H 1
| #define HAVE_MEMORY_H 1
| #define HAVE_STRINGS_H 1
| #define HAVE_INTTYPES_H 1
| #define HAVE_STDINT_H 1
| #define HAVE_UNISTD_H 1
| #define HAVE_DLFCN_H 1
| #define LT_OBJDIR ".libs/"
| #define PACKAGE "flex"
| #define VERSION "2.6.4"
| /* end confdefs.h.  */
| #include <CoreFoundation/CFLocale.h>
| int
| main ()
| {
| CFLocaleCopyCurrent();
|   ;
|   return 0;
| }
configure:10039: result: no
configure:10088: checking for GNU gettext in libc
configure:10108: gcc -o conftest -g -O2   conftest.c  >&5
configure:10108: $? = 0
configure:10117: result: yes
configure:10908: checking whether to use NLS
configure:10910: result: yes
configure:10913: checking where the gettext function comes from
configure:10924: result: libc
configure:10986: checking for bison
configure:11016: result: no
configure:10986: checking for byacc
configure:11016: result: no
configure:11028: no bison program found: only required for maintainers
configure:11044: checking for flex
configure:11074: result: no
configure:11044: checking for lex
configure:11074: result: no
configure:11250: checking for gcc
configure:11277: result: gcc
configure:11506: checking for C compiler version
configure:11515: gcc --version >&5
gcc (Ubuntu 9.4.0-1ubuntu1~20.04.1) 9.4.0
Copyright (C) 2019 Free Software Foundation, Inc.
This is free software; see the source for copying conditions.  There is NO
warranty; not even for MERCHANTABILITY or FITNESS FOR A PARTICULAR PURPOSE.

configure:11526: $? = 0
configure:11515: gcc -v >&5
Using built-in specs.
COLLECT_GCC=gcc
COLLECT_LTO_WRAPPER=/usr/lib/gcc/x86_64-linux-gnu/9/lto-wrapper
OFFLOAD_TARGET_NAMES=nvptx-none:hsa
OFFLOAD_TARGET_DEFAULT=1
Target: x86_64-linux-gnu
Configured with: ../src/configure -v --with-pkgversion='Ubuntu 9.4.0-1ubuntu1~20.04.1' --with-bugurl=file:///usr/share/doc/gcc-9/README.Bugs --enable-languages=c,ada,c++,go,brig,d,fortran,objc,obj-c++,gm2 --prefix=/usr --with-gcc-major-version-only --program-suffix=-9 --program-prefix=x86_64-linux-gnu- --enable-shared --enable-linker-build-id --libexecdir=/usr/lib --without-included-gettext --enable-threads=posix --libdir=/usr/lib --enable-nls --enable-clocale=gnu --enable-libstdcxx-debug --enable-libstdcxx-time=yes --with-default-libstdcxx-abi=new --enable-gnu-unique-object --disable-vtable-verify --enable-plugin --enable-default-pie --with-system-zlib --with-target-system-zlib=auto --enable-objc-gc=auto --enable-multiarch --disable-werror --with-arch-32=i686 --with-abi=m64 --with-multilib-list=m32,m64,mx32 --enable-multilib --with-tune=generic --enable-offload-targets=nvptx-none=/build/gcc-9-Av3uEd/gcc-9-9.4.0/debian/tmp-nvptx/usr,hsa --without-cuda-driver --enable-checking=release --build=x86_64-linux-gnu --host=x86_64-linux-gnu --target=x86_64-linux-gnu
Thread model: posix
gcc version 9.4.0 (Ubuntu 9.4.0-1ubuntu1~20.04.1) 
configure:11526: $? = 0
configure:11515: gcc -V >&5
gcc: error: unrecognized command line option '-V'
gcc: fatal error: no input files
compilation terminated.
configure:11526: $? = 1
configure:11515: gcc -qversion >&5
gcc: error: unrecognized command line option '-qversion'; did you mean '--version'?
gcc: fatal error: no input files
compilation terminated.
configure:11526: $? = 1
configure:11530: checking whether we are using the GNU C compiler
configure:11558: result: yes
configure:11567: checking whether gcc accepts -g
configure:11628: result: yes
configure:11645: checking for gcc option to accept ISO C89
configure:11721: result: none needed
configure:11746: checking whether gcc understands -c and -o together
configure:11783: result: yes
configure:11856: checking for gcc
configure:11872: found /usr/bin/gcc
configure:11883: result: gcc
configure:12112: checking for C compiler version
configure:12121: gcc --version >&5
gcc (Ubuntu 9.4.0-1ubuntu1~20.04.1) 9.4.0
Copyright (C) 2019 Free Software Foundation, Inc.
This is free software; see the source for copying conditions.  There is NO
warranty; not even for MERCHANTABILITY or FITNESS FOR A PARTICULAR PURPOSE.

configure:12132: $? = 0
configure:12121: gcc -v >&5
Using built-in specs.
COLLECT_GCC=gcc
COLLECT_LTO_WRAPPER=/usr/lib/gcc/x86_64-linux-gnu/9/lto-wrapper
OFFLOAD_TARGET_NAMES=nvptx-none:hsa
OFFLOAD_TARGET_DEFAULT=1
Target: x86_64-linux-gnu
Configured with: ../src/configure -v --with-pkgversion='Ubuntu 9.4.0-1ubuntu1~20.04.1' --with-bugurl=file:///usr/share/doc/gcc-9/README.Bugs --enable-languages=c,ada,c++,go,brig,d,fortran,objc,obj-c++,gm2 --prefix=/usr --with-gcc-major-version-only --program-suffix=-9 --program-prefix=x86_64-linux-gnu- --enable-shared --enable-linker-build-id --libexecdir=/usr/lib --without-included-gettext --enable-threads=posix --libdir=/usr/lib --enable-nls --enable-clocale=gnu --enable-libstdcxx-debug --enable-libstdcxx-time=yes --with-default-libstdcxx-abi=new --enable-gnu-unique-object --disable-vtable-verify --enable-plugin --enable-default-pie --with-system-zlib --with-target-system-zlib=auto --enable-objc-gc=auto --enable-multiarch --disable-werror --with-arch-32=i686 --with-abi=m64 --with-multilib-list=m32,m64,mx32 --enable-multilib --with-tune=generic --enable-offload-targets=nvptx-none=/build/gcc-9-Av3uEd/gcc-9-9.4.0/debian/tmp-nvptx/usr,hsa --without-cuda-driver --enable-checking=release --build=x86_64-linux-gnu --host=x86_64-linux-gnu --target=x86_64-linux-gnu
Thread model: posix
gcc version 9.4.0 (Ubuntu 9.4.0-1ubuntu1~20.04.1) 
configure:12132: $? = 0
configure:12121: gcc -V >&5
gcc: error: unrecognized command line option '-V'
gcc: fatal error: no input files
compilation terminated.
configure:12132: $? = 1
configure:12121: gcc -qversion >&5
gcc: error: unrecognized command line option '-qversion'; did you mean '--version'?
gcc: fatal error: no input files
compilation terminated.
configure:12132: $? = 1
configure:12136: checking whether we are using the GNU C compiler
configure:12164: result: yes
configure:12173: checking whether gcc accepts -g
configure:12193: gcc -c -g -O2  conftest.c >&5
configure:12193: $? = 0
configure:12234: result: yes
configure:12251: checking for gcc option to accept ISO C89
configure:12327: result: none needed
configure:12352: checking whether gcc understands -c and -o together
configure:12389: result: yes
configure:12411: checking how to run the C preprocessor
configure:12442: gcc -E  conftest.c
configure:12442: $? = 0
configure:12456: gcc -E  conftest.c
conftest.c:26:10: fatal error: ac_nonexistent.h: No such file or directory
   26 | #include <ac_nonexistent.h>
      |          ^~~~~~~~~~~~~~~~~~
compilation terminated.
configure:12456: $? = 1
configure: failed program was:
| /* confdefs.h */
| #define PACKAGE_NAME "the fast lexical analyser generator"
| #define PACKAGE_TARNAME "flex"
| #define PACKAGE_VERSION "2.6.4"
| #define PACKAGE_STRING "the fast lexical analyser generator 2.6.4"
| #define PACKAGE_BUGREPORT "flex-help@lists.sourceforge.net"
| #define PACKAGE_URL ""
| #define STDC_HEADERS 1
| #define HAVE_SYS_TYPES_H 1
| #define HAVE_SYS_STAT_H 1
| #define HAVE_STDLIB_H 1
| #define HAVE_STRING_H 1
| #define HAVE_MEMORY_H 1
| #define HAVE_STRINGS_H 1
| #define HAVE_INTTYPES_H 1
| #define HAVE_STDINT_H 1
| #define HAVE_UNISTD_H 1
| #define HAVE_DLFCN_H 1
| #define LT_OBJDIR ".libs/"
| #define PACKAGE "flex"
| #define VERSION "2.6.4"
| #define ENABLE_NLS 1
| #define HAVE_GETTEXT 1
| #define HAVE_DCGETTEXT 1
| /* end confdefs.h.  */
| #include <ac_nonexistent.h>
configure:12481: result: gcc -E
configure:12501: gcc -E  conftest.c
configure:12501: $? = 0
configure:12515: gcc -E  conftest.c
conftest.c:26:10: fatal error: ac_nonexistent.h: No such file or directory
   26 | #include <ac_nonexistent.h>
      |          ^~~~~~~~~~~~~~~~~~
compilation terminated.
configure:12515: $? = 1
configure: failed program was:
| /* confdefs.h */
| #define PACKAGE_NAME "the fast lexical analyser generator"
| #define PACKAGE_TARNAME "flex"
| #define PACKAGE_VERSION "2.6.4"
| #define PACKAGE_STRING "the fast lexical analyser generator 2.6.4"
| #define PACKAGE_BUGREPORT "flex-help@lists.sourceforge.net"
| #define PACKAGE_URL ""
| #define STDC_HEADERS 1
| #define HAVE_SYS_TYPES_H 1
| #define HAVE_SYS_STAT_H 1
| #define HAVE_STDLIB_H 1
| #define HAVE_STRING_H 1
| #define HAVE_MEMORY_H 1
| #define HAVE_STRINGS_H 1
| #define HAVE_INTTYPES_H 1
| #define HAVE_STDINT_H 1
| #define HAVE_UNISTD_H 1
| #define HAVE_DLFCN_H 1
| #define LT_OBJDIR ".libs/"
| #define PACKAGE "flex"
| #define VERSION "2.6.4"
| #define ENABLE_NLS 1
| #define HAVE_GETTEXT 1
| #define HAVE_DCGETTEXT 1
| /* end confdefs.h.  */
| #include <ac_nonexistent.h>
configure:12610: checking for g++
configure:12626: found /usr/bin/g++
configure:12637: result: g++
configure:12664: checking for C++ compiler version
configure:12673: g++ --version >&5
g++ (Ubuntu 9.4.0-1ubuntu1~20.04.1) 9.4.0
Copyright (C) 2019 Free Software Foundation, Inc.
This is free software; see the source for copying conditions.  There is NO
warranty; not even for MERCHANTABILITY or FITNESS FOR A PARTICULAR PURPOSE.

configure:12684: $? = 0
configure:12673: g++ -v >&5
Using built-in specs.
COLLECT_GCC=g++
COLLECT_LTO_WRAPPER=/usr/lib/gcc/x86_64-linux-gnu/9/lto-wrapper
OFFLOAD_TARGET_NAMES=nvptx-none:hsa
OFFLOAD_TARGET_DEFAULT=1
Target: x86_64-linux-gnu
Configured with: ../src/configure -v --with-pkgversion='Ubuntu 9.4.0-1ubuntu1~20.04.1' --with-bugurl=file:///usr/share/doc/gcc-9/README.Bugs --enable-languages=c,ada,c++,go,brig,d,fortran,objc,obj-c++,gm2 --prefix=/usr --with-gcc-major-version-only --program-suffix=-9 --program-prefix=x86_64-linux-gnu- --enable-shared --enable-linker-build-id --libexecdir=/usr/lib --without-included-gettext --enable-threads=posix --libdir=/usr/lib --enable-nls --enable-clocale=gnu --enable-libstdcxx-debug --enable-libstdcxx-time=yes --with-default-libstdcxx-abi=new --enable-gnu-unique-object --disable-vtable-verify --enable-plugin --enable-default-pie --with-system-zlib --with-target-system-zlib=auto --enable-objc-gc=auto --enable-multiarch --disable-werror --with-arch-32=i686 --with-abi=m64 --with-multilib-list=m32,m64,mx32 --enable-multilib --with-tune=generic --enable-offload-targets=nvptx-none=/build/gcc-9-Av3uEd/gcc-9-9.4.0/debian/tmp-nvptx/usr,hsa --without-cuda-driver --enable-checking=release --build=x86_64-linux-gnu --host=x86_64-linux-gnu --target=x86_64-linux-gnu
Thread model: posix
gcc version 9.4.0 (Ubuntu 9.4.0-1ubuntu1~20.04.1) 
configure:12684: $? = 0
configure:12673: g++ -V >&5
g++: error: unrecognized command line option '-V'
g++: fatal error: no input files
compilation terminated.
configure:12684: $? = 1
configure:12673: g++ -qversion >&5
g++: error: unrecognized command line option '-qversion'; did you mean '--version'?
g++: fatal error: no input files
compilation terminated.
configure:12684: $? = 1
configure:12688: checking whether we are using the GNU C++ compiler
configure:12707: g++ -c   conftest.cpp >&5
configure:12707: $? = 0
configure:12716: result: yes
configure:12725: checking whether g++ accepts -g
configure:12745: g++ -c -g  conftest.cpp >&5
configure:12745: $? = 0
configure:12786: result: yes
configure:12827: checking how to run the C++ preprocessor
configure:12854: g++ -E  conftest.cpp
configure:12854: $? = 0
configure:12868: g++ -E  conftest.cpp
conftest.cpp:26:10: fatal error: ac_nonexistent.h: No such file or directory
   26 | #include <ac_nonexistent.h>
      |          ^~~~~~~~~~~~~~~~~~
compilation terminated.
configure:12868: $? = 1
configure: failed program was:
| /* confdefs.h */
| #define PACKAGE_NAME "the fast lexical analyser generator"
| #define PACKAGE_TARNAME "flex"
| #define PACKAGE_VERSION "2.6.4"
| #define PACKAGE_STRING "the fast lexical analyser generator 2.6.4"
| #define PACKAGE_BUGREPORT "flex-help@lists.sourceforge.net"
| #define PACKAGE_URL ""
| #define STDC_HEADERS 1
| #define HAVE_SYS_TYPES_H 1
| #define HAVE_SYS_STAT_H 1
| #define HAVE_STDLIB_H 1
| #define HAVE_STRING_H 1
| #define HAVE_MEMORY_H 1
| #define HAVE_STRINGS_H 1
| #define HAVE_INTTYPES_H 1
| #define HAVE_STDINT_H 1
| #define HAVE_UNISTD_H 1
| #define HAVE_DLFCN_H 1
| #define LT_OBJDIR ".libs/"
| #define PACKAGE "flex"
| #define VERSION "2.6.4"
| #define ENABLE_NLS 1
| #define HAVE_GETTEXT 1
| #define HAVE_DCGETTEXT 1
| /* end confdefs.h.  */
| #include <ac_nonexistent.h>
configure:12893: result: g++ -E
configure:12913: g++ -E  conftest.cpp
configure:12913: $? = 0
configure:12927: g++ -E  conftest.cpp
conftest.cpp:26:10: fatal error: ac_nonexistent.h: No such file or directory
   26 | #include <ac_nonexistent.h>
      |          ^~~~~~~~~~~~~~~~~~
compilation terminated.
configure:12927: $? = 1
configure: failed program was:
| /* confdefs.h */
| #define PACKAGE_NAME "the fast lexical analyser generator"
| #define PACKAGE_TARNAME "flex"
| #define PACKAGE_VERSION "2.6.4"
| #define PACKAGE_STRING "the fast lexical analyser generator 2.6.4"
| #define PACKAGE_BUGREPORT "flex-help@lists.sourceforge.net"
| #define PACKAGE_URL ""
| #define STDC_HEADERS 1
| #define HAVE_SYS_TYPES_H 1
| #define HAVE_SYS_STAT_H 1
| #define HAVE_STDLIB_H 1
| #define HAVE_STRING_H 1
| #define HAVE_MEMORY_H 1
| #define HAVE_STRINGS_H 1
| #define HAVE_INTTYPES_H 1
| #define HAVE_STDINT_H 1
| #define HAVE_UNISTD_H 1
| #define HAVE_DLFCN_H 1
| #define LT_OBJDIR ".libs/"
| #define PACKAGE "flex"
| #define VERSION "2.6.4"
| #define ENABLE_NLS 1
| #define HAVE_GETTEXT 1
| #define HAVE_DCGETTEXT 1
| /* end confdefs.h.  */
| #include <ac_nonexistent.h>
configure:13089: checking for ld used by g++
configure:13156: result: /usr/bin/ld -m elf_x86_64
configure:13163: checking if the linker (/usr/bin/ld -m elf_x86_64) is GNU ld
configure:13178: result: yes
configure:13233: checking whether the g++ linker (/usr/bin/ld -m elf_x86_64) supports shared libraries
configure:14306: result: yes
configure:14342: g++ -c -g -O2  conftest.cpp >&5
configure:14345: $? = 0
configure:14826: checking for g++ option to produce PIC
configure:14833: result: -fPIC -DPIC
configure:14841: checking if g++ PIC flag -fPIC -DPIC works
configure:14859: g++ -c -g -O2  -fPIC -DPIC -DPIC conftest.cpp >&5
configure:14863: $? = 0
configure:14876: result: yes
configure:14899: checking if g++ static flag -static works
configure:14927: result: yes
configure:14939: checking if g++ supports -c -o file.o
configure:14960: g++ -c -g -O2  -o out/conftest2.o conftest.cpp >&5
configure:14964: $? = 0
configure:14986: result: yes
configure:14991: checking if g++ supports -c -o file.o
configure:15038: result: yes
configure:15068: checking whether the g++ linker (/usr/bin/ld -m elf_x86_64) supports shared libraries
configure:15111: result: yes
configure:15252: checking dynamic linker characteristics
configure:16009: result: GNU/Linux ld.so
configure:16074: checking how to hardcode library paths into programs
configure:16099: result: immediate
configure:14972: checking dependency style of g++
configure:15083: result: gcc3
configure:15099: checking whether ln -s works
configure:15103: result: yes
configure:15114: checking for gawk
configure:15141: result: gawk
configure:15214: checking for help2man
configure:15245: result: ${top_srcdir}/build-aux/missing help2man
configure:15254: WARNING: help2man: program not found: building man page will not work
configure:15263: checking for gtexi2dvi
configure:15296: result: no
configure:15263: checking for texi2dvi
configure:15296: result: no
configure:15306: WARNING: texi2dvi: program not found: building pdf version of manual will not work
configure:15313: checking for m4 that supports -P
configure:15346: result: /usr/bin/m4
configure:15358: checking for indent
configure:15389: result: ${top_srcdir}/build-aux/missing indent
configure:15397: checking if ${top_srcdir}/build-aux/missing indent is GNU indent
configure:15403: result: no
configure:15405: WARNING: ${top_srcdir}/build-aux/missing indent does not appear to be GNU indent; 'make indent' may not function properly
configure:15415: checking regex.h usability
configure:15415: gcc -c -g -O2  conftest.c >&5
configure:15415: $? = 0
configure:15415: result: yes
configure:15415: checking regex.h presence
configure:15415: gcc -E  conftest.c
configure:15415: $? = 0
configure:15415: result: yes
configure:15415: checking for regex.h
configure:15415: result: yes
configure:15415: checking for strings.h
configure:15415: result: yes
configure:15415: checking for sys/stat.h
configure:15415: result: yes
configure:15415: checking sys/wait.h usability
configure:15415: gcc -c -g -O2  conftest.c >&5
configure:15415: $? = 0
configure:15415: result: yes
configure:15415: checking sys/wait.h presence
configure:15415: gcc -E  conftest.c
configure:15415: $? = 0
configure:15415: result: yes
configure:15415: checking for sys/wait.h
configure:15415: result: yes
configure:15415: checking for unistd.h
configure:15415: result: yes
configure:15431: checking for inttypes.h
configure:15431: result: yes
configure:15431: checking libintl.h usability
configure:15431: gcc -c -g -O2  conftest.c >&5
configure:15431: $? = 0
configure:15431: result: yes
configure:15431: checking libintl.h presence
configure:15431: gcc -E  conftest.c
configure:15431: $? = 0
configure:15431: result: yes
configure:15431: checking for libintl.h
configure:15431: result: yes
configure:15431: checking limits.h usability
configure:15431: gcc -c -g -O2  conftest.c >&5
configure:15431: $? = 0
configure:15431: result: yes
configure:15431: checking limits.h presence
configure:15431: gcc -E  conftest.c
configure:15431: $? = 0
configure:15431: result: yes
configure:15431: checking for limits.h
configure:15431: result: yes
configure:15431: checking locale.h usability
configure:15431: gcc -c -g -O2  conftest.c >&5
configure:15431: $? = 0
configure:15431: result: yes
configure:15431: checking locale.h presence
configure:15431: gcc -E  conftest.c
configure:15431: $? = 0
configure:15431: result: yes
configure:15431: checking for locale.h
configure:15431: result: yes
configure:15431: checking malloc.h usability
configure:15431: gcc -c -g -O2  conftest.c >&5
configure:15431: $? = 0
configure:15431: result: yes
configure:15431: checking malloc.h presence
configure:15431: gcc -E  conftest.c
configure:15431: $? = 0
configure:15431: result: yes
configure:15431: checking for malloc.h
configure:15431: result: yes
configure:15431: checking netinet/in.h usability
configure:15431: gcc -c -g -O2  conftest.c >&5
configure:15431: $? = 0
configure:15431: result: yes
configure:15431: checking netinet/in.h presence
configure:15431: gcc -E  conftest.c
configure:15431: $? = 0
configure:15431: result: yes
configure:15431: checking for netinet/in.h
configure:15431: result: yes
configure:15449: checking for pthread_mutex_lock in -lpthread
configure:15474: gcc -o conftest -g -O2   conftest.c -lpthread   >&5
configure:15474: $? = 0
configure:15483: result: yes
configure:15488: checking pthread.h usability
configure:15488: gcc -c -g -O2  conftest.c >&5
configure:15488: $? = 0
configure:15488: result: yes
configure:15488: checking pthread.h presence
configure:15488: gcc -E  conftest.c
configure:15488: $? = 0
configure:15488: result: yes
configure:15488: checking for pthread.h
configure:15488: result: yes
configure:15508: checking for log10 in -lm
configure:15533: gcc -o conftest -g -O2   conftest.c -lm   >&5
conftest.c:46:6: warning: conflicting types for built-in function 'log10'; expected 'double(double)' [-Wbuiltin-declaration-mismatch]
   46 | char log10 ();
      |      ^~~~~
conftest.c:1:1: note: 'log10' is declared in header '<math.h>'
    1 | /* confdefs.h */
configure:15533: $? = 0
configure:15542: result: yes
configure:15556: checking for stdbool.h that conforms to C99
configure:15623: gcc -c -g -O2  conftest.c >&5
configure:15623: $? = 0
configure:15630: result: yes
configure:15632: checking for _Bool
configure:15632: gcc -c -g -O2  conftest.c >&5
configure:15632: $? = 0
configure:15632: gcc -c -g -O2  conftest.c >&5
conftest.c: In function 'main':
conftest.c:76:20: error: expected expression before ')' token
   76 | if (sizeof ((_Bool)))
      |                    ^
configure:15632: $? = 1
configure: failed program was:
| /* confdefs.h */
| #define PACKAGE_NAME "the fast lexical analyser generator"
| #define PACKAGE_TARNAME "flex"
| #define PACKAGE_VERSION "2.6.4"
| #define PACKAGE_STRING "the fast lexical analyser generator 2.6.4"
| #define PACKAGE_BUGREPORT "flex-help@lists.sourceforge.net"
| #define PACKAGE_URL ""
| #define STDC_HEADERS 1
| #define HAVE_SYS_TYPES_H 1
| #define HAVE_SYS_STAT_H 1
| #define HAVE_STDLIB_H 1
| #define HAVE_STRING_H 1
| #define HAVE_MEMORY_H 1
| #define HAVE_STRINGS_H 1
| #define HAVE_INTTYPES_H 1
| #define HAVE_STDINT_H 1
| #define HAVE_UNISTD_H 1
| #define HAVE_DLFCN_H 1
| #define LT_OBJDIR ".libs/"
| #define PACKAGE "flex"
| #define VERSION "2.6.4"
| #define ENABLE_NLS 1
| #define HAVE_GETTEXT 1
| #define HAVE_DCGETTEXT 1
| #define M4 "/usr/bin/m4"
| #define HAVE_REGEX_H 1
| #define HAVE_STRINGS_H 1
| #define HAVE_SYS_STAT_H 1
| #define HAVE_SYS_WAIT_H 1
| #define HAVE_UNISTD_H 1
| #define HAVE_INTTYPES_H 1
| #define HAVE_LIBINTL_H 1
| #define HAVE_LIMITS_H 1
| #define HAVE_LOCALE_H 1
| #define HAVE_MALLOC_H 1
| #define HAVE_NETINET_IN_H 1
| #define HAVE_PTHREAD_H 1
| #define HAVE_LIBM 1
| /* end confdefs.h.  */
| #include <stdio.h>
| #ifdef HAVE_SYS_TYPES_H
| # include <sys/types.h>
| #endif
| #ifdef HAVE_SYS_STAT_H
| # include <sys/stat.h>
| #endif
| #ifdef STDC_HEADERS
| # include <stdlib.h>
| # include <stddef.h>
| #else
| # ifdef HAVE_STDLIB_H
| #  include <stdlib.h>
| # endif
| #endif
| #ifdef HAVE_STRING_H
| # if !defined STDC_HEADERS && defined HAVE_MEMORY_H
| #  include <memory.h>
| # endif
| # include <string.h>
| #endif
| #ifdef HAVE_STRINGS_H
| # include <strings.h>
| #endif
| #ifdef HAVE_INTTYPES_H
| # include <inttypes.h>
| #endif
| #ifdef HAVE_STDINT_H
| # include <stdint.h>
| #endif
| #ifdef HAVE_UNISTD_H
| # include <unistd.h>
| #endif
| int
| main ()
| {
| if (sizeof ((_Bool)))
| 	    return 0;
|   ;
|   return 0;
| }
configure:15632: result: yes
configure:15649: checking for an ANSI C-conforming const
configure:15715: gcc -c -g -O2  conftest.c >&5
configure:15715: $? = 0
configure:15722: result: yes
configure:15730: checking for size_t
configure:15730: gcc -c -g -O2  conftest.c >&5
configure:15730: $? = 0
configure:15730: gcc -c -g -O2  conftest.c >&5
conftest.c: In function 'main':
conftest.c:78:21: error: expected expression before ')' token
   78 | if (sizeof ((size_t)))
      |                     ^
configure:15730: $? = 1
configure: failed program was:
| /* confdefs.h */
| #define PACKAGE_NAME "the fast lexical analyser generator"
| #define PACKAGE_TARNAME "flex"
| #define PACKAGE_VERSION "2.6.4"
| #define PACKAGE_STRING "the fast lexical analyser generator 2.6.4"
| #define PACKAGE_BUGREPORT "flex-help@lists.sourceforge.net"
| #define PACKAGE_URL ""
| #define STDC_HEADERS 1
| #define HAVE_SYS_TYPES_H 1
| #define HAVE_SYS_STAT_H 1
| #define HAVE_STDLIB_H 1
| #define HAVE_STRING_H 1
| #define HAVE_MEMORY_H 1
| #define HAVE_STRINGS_H 1
| #define HAVE_INTTYPES_H 1
| #define HAVE_STDINT_H 1
| #define HAVE_UNISTD_H 1
| #define HAVE_DLFCN_H 1
| #define LT_OBJDIR ".libs/"
| #define PACKAGE "flex"
| #define VERSION "2.6.4"
| #define ENABLE_NLS 1
| #define HAVE_GETTEXT 1
| #define HAVE_DCGETTEXT 1
| #define M4 "/usr/bin/m4"
| #define HAVE_REGEX_H 1
| #define HAVE_STRINGS_H 1
| #define HAVE_SYS_STAT_H 1
| #define HAVE_SYS_WAIT_H 1
| #define HAVE_UNISTD_H 1
| #define HAVE_INTTYPES_H 1
| #define HAVE_LIBINTL_H 1
| #define HAVE_LIMITS_H 1
| #define HAVE_LOCALE_H 1
| #define HAVE_MALLOC_H 1
| #define HAVE_NETINET_IN_H 1
| #define HAVE_PTHREAD_H 1
| #define HAVE_LIBM 1
| #define HAVE__BOOL 1
| #define HAVE_STDBOOL_H 1
| /* end confdefs.h.  */
| #include <stdio.h>
| #ifdef HAVE_SYS_TYPES_H
| # include <sys/types.h>
| #endif
| #ifdef HAVE_SYS_STAT_H
| # include <sys/stat.h>
| #endif
| #ifdef STDC_HEADERS
| # include <stdlib.h>
| # include <stddef.h>
| #else
| # ifdef HAVE_STDLIB_H
| #  include <stdlib.h>
| # endif
| #endif
| #ifdef HAVE_STRING_H
| # if !defined STDC_HEADERS && defined HAVE_MEMORY_H
| #  include <memory.h>
| # endif
| # include <string.h>
| #endif
| #ifdef HAVE_STRINGS_H
| # include <strings.h>
| #endif
| #ifdef HAVE_INTTYPES_H
| # include <inttypes.h>
| #endif
| #ifdef HAVE_STDINT_H
| # include <stdint.h>
| #endif
| #ifdef HAVE_UNISTD_H
| # include <unistd.h>
| #endif
| int
| main ()
| {
| if (sizeof ((size_t)))
| 	    return 0;
|   ;
|   return 0;
| }
configure:15730: result: yes
configure:15746: checking for working alloca.h
configure:15763: gcc -o conftest -g -O2   conftest.c -lm  >&5
configure:15763: $? = 0
configure:15771: result: yes
configure:15779: checking for alloca
configure:15816: gcc -o conftest -g -O2   conftest.c -lm  >&5
configure:15816: $? = 0
configure:15824: result: yes
configure:15930: checking for pid_t
configure:15930: gcc -c -g -O2  conftest.c >&5
configure:15930: $? = 0
configure:15930: gcc -c -g -O2  conftest.c >&5
conftest.c: In function 'main':
conftest.c:80:20: error: expected expression before ')' token
   80 | if (sizeof ((pid_t)))
      |                    ^
configure:15930: $? = 1
configure: failed program was:
| /* confdefs.h */
| #define PACKAGE_NAME "the fast lexical analyser generator"
| #define PACKAGE_TARNAME "flex"
| #define PACKAGE_VERSION "2.6.4"
| #define PACKAGE_STRING "the fast lexical analyser generator 2.6.4"
| #define PACKAGE_BUGREPORT "flex-help@lists.sourceforge.net"
| #define PACKAGE_URL ""
| #define STDC_HEADERS 1
| #define HAVE_SYS_TYPES_H 1
| #define HAVE_SYS_STAT_H 1
| #define HAVE_STDLIB_H 1
| #define HAVE_STRING_H 1
| #define HAVE_MEMORY_H 1
| #define HAVE_STRINGS_H 1
| #define HAVE_INTTYPES_H 1
| #define HAVE_STDINT_H 1
| #define HAVE_UNISTD_H 1
| #define HAVE_DLFCN_H 1
| #define LT_OBJDIR ".libs/"
| #define PACKAGE "flex"
| #define VERSION "2.6.4"
| #define ENABLE_NLS 1
| #define HAVE_GETTEXT 1
| #define HAVE_DCGETTEXT 1
| #define M4 "/usr/bin/m4"
| #define HAVE_REGEX_H 1
| #define HAVE_STRINGS_H 1
| #define HAVE_SYS_STAT_H 1
| #define HAVE_SYS_WAIT_H 1
| #define HAVE_UNISTD_H 1
| #define HAVE_INTTYPES_H 1
| #define HAVE_LIBINTL_H 1
| #define HAVE_LIMITS_H 1
| #define HAVE_LOCALE_H 1
| #define HAVE_MALLOC_H 1
| #define HAVE_NETINET_IN_H 1
| #define HAVE_PTHREAD_H 1
| #define HAVE_LIBM 1
| #define HAVE__BOOL 1
| #define HAVE_STDBOOL_H 1
| #define HAVE_ALLOCA_H 1
| #define HAVE_ALLOCA 1
| /* end confdefs.h.  */
| #include <stdio.h>
| #ifdef HAVE_SYS_TYPES_H
| # include <sys/types.h>
| #endif
| #ifdef HAVE_SYS_STAT_H
| # include <sys/stat.h>
| #endif
| #ifdef STDC_HEADERS
| # include <stdlib.h>
| # include <stddef.h>
| #else
| # ifdef HAVE_STDLIB_H
| #  include <stdlib.h>
| # endif
| #endif
| #ifdef HAVE_STRING_H
| # if !defined STDC_HEADERS && defined HAVE_MEMORY_H
| #  include <memory.h>
| # endif
| # include <string.h>
| #endif
| #ifdef HAVE_STRINGS_H
| # include <strings.h>
| #endif
| #ifdef HAVE_INTTYPES_H
| # include <inttypes.h>
| #endif
| #ifdef HAVE_STDINT_H
| # include <stdint.h>
| #endif
| #ifdef HAVE_UNISTD_H
| # include <unistd.h>
| #endif
| int
| main ()
| {
| if (sizeof ((pid_t)))
| 	    return 0;
|   ;
|   return 0;
| }
configure:15930: result: yes
configure:15943: checking vfork.h usability
configure:15943: gcc -c -g -O2  conftest.c >&5
conftest.c:77:10: fatal error: vfork.h: No such file or directory
   77 | #include <vfork.h>
      |          ^~~~~~~~~
compilation terminated.
configure:15943: $? = 1
configure: failed program was:
| /* confdefs.h */
| #define PACKAGE_NAME "the fast lexical analyser generator"
| #define PACKAGE_TARNAME "flex"
| #define PACKAGE_VERSION "2.6.4"
| #define PACKAGE_STRING "the fast lexical analyser generator 2.6.4"
| #define PACKAGE_BUGREPORT "flex-help@lists.sourceforge.net"
| #define PACKAGE_URL ""
| #define STDC_HEADERS 1
| #define HAVE_SYS_TYPES_H 1
| #define HAVE_SYS_STAT_H 1
| #define HAVE_STDLIB_H 1
| #define HAVE_STRING_H 1
| #define HAVE_MEMORY_H 1
| #define HAVE_STRINGS_H 1
| #define HAVE_INTTYPES_H 1
| #define HAVE_STDINT_H 1
| #define HAVE_UNISTD_H 1
| #define HAVE_DLFCN_H 1
| #define LT_OBJDIR ".libs/"
| #define PACKAGE "flex"
| #define VERSION "2.6.4"
| #define ENABLE_NLS 1
| #define HAVE_GETTEXT 1
| #define HAVE_DCGETTEXT 1
| #define M4 "/usr/bin/m4"
| #define HAVE_REGEX_H 1
| #define HAVE_STRINGS_H 1
| #define HAVE_SYS_STAT_H 1
| #define HAVE_SYS_WAIT_H 1
| #define HAVE_UNISTD_H 1
| #define HAVE_INTTYPES_H 1
| #define HAVE_LIBINTL_H 1
| #define HAVE_LIMITS_H 1
| #define HAVE_LOCALE_H 1
| #define HAVE_MALLOC_H 1
| #define HAVE_NETINET_IN_H 1
| #define HAVE_PTHREAD_H 1
| #define HAVE_LIBM 1
| #define HAVE__BOOL 1
| #define HAVE_STDBOOL_H 1
| #define HAVE_ALLOCA_H 1
| #define HAVE_ALLOCA 1
| /* end confdefs.h.  */
| #include <stdio.h>
| #ifdef HAVE_SYS_TYPES_H
| # include <sys/types.h>
| #endif
| #ifdef HAVE_SYS_STAT_H
| # include <sys/stat.h>
| #endif
| #ifdef STDC_HEADERS
| # include <stdlib.h>
| # include <stddef.h>
| #else
| # ifdef HAVE_STDLIB_H
| #  include <stdlib.h>
| # endif
| #endif
| #ifdef HAVE_STRING_H
| # if !defined STDC_HEADERS && defined HAVE_MEMORY_H
| #  include <memory.h>
| # endif
| # include <string.h>
| #endif
| #ifdef HAVE_STRINGS_H
| # include <strings.h>
| #endif
| #ifdef HAVE_INTTYPES_H
| # include <inttypes.h>
| #endif
| #ifdef HAVE_STDINT_H
| # include <stdint.h>
| #endif
| #ifdef HAVE_UNISTD_H
| # include <unistd.h>
| #endif
| #include <vfork.h>
configure:15943: result: no
configure:15943: checking vfork.h presence
configure:15943: gcc -E  conftest.c
conftest.c:44:10: fatal error: vfork.h: No such file or directory
   44 | #include <vfork.h>
      |          ^~~~~~~~~
compilation terminated.
configure:15943: $? = 1
configure: failed program was:
| /* confdefs.h */
| #define PACKAGE_NAME "the fast lexical analyser generator"
| #define PACKAGE_TARNAME "flex"
| #define PACKAGE_VERSION "2.6.4"
| #define PACKAGE_STRING "the fast lexical analyser generator 2.6.4"
| #define PACKAGE_BUGREPORT "flex-help@lists.sourceforge.net"
| #define PACKAGE_URL ""
| #define STDC_HEADERS 1
| #define HAVE_SYS_TYPES_H 1
| #define HAVE_SYS_STAT_H 1
| #define HAVE_STDLIB_H 1
| #define HAVE_STRING_H 1
| #define HAVE_MEMORY_H 1
| #define HAVE_STRINGS_H 1
| #define HAVE_INTTYPES_H 1
| #define HAVE_STDINT_H 1
| #define HAVE_UNISTD_H 1
| #define HAVE_DLFCN_H 1
| #define LT_OBJDIR ".libs/"
| #define PACKAGE "flex"
| #define VERSION "2.6.4"
| #define ENABLE_NLS 1
| #define HAVE_GETTEXT 1
| #define HAVE_DCGETTEXT 1
| #define M4 "/usr/bin/m4"
| #define HAVE_REGEX_H 1
| #define HAVE_STRINGS_H 1
| #define HAVE_SYS_STAT_H 1
| #define HAVE_SYS_WAIT_H 1
| #define HAVE_UNISTD_H 1
| #define HAVE_INTTYPES_H 1
| #define HAVE_LIBINTL_H 1
| #define HAVE_LIMITS_H 1
| #define HAVE_LOCALE_H 1
| #define HAVE_MALLOC_H 1
| #define HAVE_NETINET_IN_H 1
| #define HAVE_PTHREAD_H 1
| #define HAVE_LIBM 1
| #define HAVE__BOOL 1
| #define HAVE_STDBOOL_H 1
| #define HAVE_ALLOCA_H 1
| #define HAVE_ALLOCA 1
| /* end confdefs.h.  */
| #include <vfork.h>
configure:15943: result: no
configure:15943: checking for vfork.h
configure:15943: result: no
configure:15956: checking for fork
configure:15956: gcc -o conftest -g -O2   conftest.c -lm  >&5
conftest.c:67:6: warning: conflicting types for built-in function 'fork'; expected 'int(void)' [-Wbuiltin-declaration-mismatch]
   67 | char fork ();
      |      ^~~~
configure:15956: $? = 0
configure:15956: result: yes
configure:15956: checking for vfork
configure:15956: gcc -o conftest -g -O2   conftest.c -lm  >&5
configure:15956: $? = 0
configure:15956: result: yes
configure:15966: checking for working fork
configure:15988: gcc -o conftest -g -O2   conftest.c -lm  >&5
configure:15988: $? = 0
configure:15988: ./conftest
configure:15988: $? = 0
configure:15998: result: yes
configure:16019: checking for working vfork
configure:16129: result: yes
configure:16156: checking for stdlib.h
configure:16156: result: yes
configure:16166: checking for GNU libc compatible malloc
configure:16190: gcc -o conftest -g -O2   conftest.c -lm  >&5
configure:16190: $? = 0
configure:16190: ./conftest
configure:16190: $? = 0
configure:16200: result: yes
configure:16227: checking for stdlib.h
configure:16227: result: yes
configure:16237: checking for GNU libc compatible realloc
configure:16261: gcc -o conftest -g -O2   conftest.c -lm  >&5
configure:16261: $? = 0
configure:16261: ./conftest
configure:16261: $? = 0
configure:16271: result: yes
configure:16300: checking for dup2
configure:16300: gcc -o conftest -g -O2   conftest.c -lm  >&5
configure:16300: $? = 0
configure:16300: result: yes
configure:16300: checking for memset
configure:16300: gcc -o conftest -g -O2   conftest.c -lm  >&5
conftest.c:76:6: warning: conflicting types for built-in function 'memset'; expected 'void *(void *, int,  long unsigned int)' [-Wbuiltin-declaration-mismatch]
   76 | char memset ();
      |      ^~~~~~
conftest.c:64:1: note: 'memset' is declared in header '<string.h>'
   63 | # include <limits.h>
   64 | #else
configure:16300: $? = 0
configure:16300: result: yes
configure:16300: checking for regcomp
configure:16300: gcc -o conftest -g -O2   conftest.c -lm  >&5
configure:16300: $? = 0
configure:16300: result: yes
configure:16300: checking for strcasecmp
configure:16300: gcc -o conftest -g -O2   conftest.c -lm  >&5
conftest.c:78:6: warning: conflicting types for built-in function 'strcasecmp'; expected 'int(const char *, const char *)' [-Wbuiltin-declaration-mismatch]
   78 | char strcasecmp ();
      |      ^~~~~~~~~~
configure:16300: $? = 0
configure:16300: result: yes
configure:16300: checking for strchr
configure:16300: gcc -o conftest -g -O2   conftest.c -lm  >&5
conftest.c:79:6: warning: conflicting types for built-in function 'strchr'; expected 'char *(const char *, int)' [-Wbuiltin-declaration-mismatch]
   79 | char strchr ();
      |      ^~~~~~
conftest.c:67:1: note: 'strchr' is declared in header '<string.h>'
   66 | # include <limits.h>
   67 | #else
configure:16300: $? = 0
configure:16300: result: yes
configure:16300: checking for strdup
configure:16300: gcc -o conftest -g -O2   conftest.c -lm  >&5
conftest.c:80:6: warning: conflicting types for built-in function 'strdup'; expected 'char *(const char *)' [-Wbuiltin-declaration-mismatch]
   80 | char strdup ();
      |      ^~~~~~
configure:16300: $? = 0
configure:16300: result: yes
configure:16300: checking for strtol
configure:16300: gcc -o conftest -g -O2   conftest.c -lm  >&5
configure:16300: $? = 0
configure:16300: result: yes
configure:16316: checking for pow
configure:16316: gcc -o conftest -g -O2   conftest.c -lm  >&5
conftest.c:82:6: warning: conflicting types for built-in function 'pow'; expected 'double(double,  double)' [-Wbuiltin-declaration-mismatch]
   82 | char pow ();
      |      ^~~
conftest.c:70:1: note: 'pow' is declared in header '<math.h>'
   69 | # include <limits.h>
   70 | #else
configure:16316: $? = 0
configure:16316: result: yes
configure:16316: checking for setlocale
configure:16316: gcc -o conftest -g -O2   conftest.c -lm  >&5
configure:16316: $? = 0
configure:16316: result: yes
configure:16316: checking for reallocarray
configure:16316: gcc -o conftest -g -O2   conftest.c -lm  >&5
configure:16316: $? = 0
configure:16316: result: yes
configure:16430: checking that generated files are newer than configure
configure:16436: result: done
configure:16479: creating ./config.status

## ---------------------- ##
## Running config.status. ##
## ---------------------- ##

This file was extended by the fast lexical analyser generator config.status 2.6.4, which was
generated by GNU Autoconf 2.69.  Invocation command line was

  CONFIG_FILES    = 
  CONFIG_HEADERS  = 
  CONFIG_LINKS    = 
  CONFIG_COMMANDS = 
  $ ./config.status 

on nontawat-VirtualBox

config.status:1244: creating Makefile
config.status:1244: creating doc/Makefile
config.status:1244: creating examples/Makefile
config.status:1244: creating examples/fastwc/Makefile
config.status:1244: creating examples/manual/Makefile
config.status:1244: creating po/Makefile.in
config.status:1244: creating src/Makefile
config.status:1244: creating tools/Makefile
config.status:1244: creating tests/Makefile
config.status:1244: creating src/config.h
config.status:1473: executing libtool commands
config.status:1473: executing depfiles commands
config.status:1473: executing po-directories commands

## ---------------- ##
## Cache variables. ##
## ---------------- ##

ac_cv_build=x86_64-pc-linux-gnu
ac_cv_build_prog_CPP='gcc -E'
ac_cv_build_prog_cc_g=yes
ac_cv_c_compiler_gnu=yes
ac_cv_c_const=yes
ac_cv_cxx_compiler_gnu=yes
ac_cv_env_CCC_set=
ac_cv_env_CCC_value=
ac_cv_env_CC_set=
ac_cv_env_CC_value=
ac_cv_env_CFLAGS_set=
ac_cv_env_CFLAGS_value=
ac_cv_env_CPPFLAGS_set=
ac_cv_env_CPPFLAGS_value=
ac_cv_env_CPP_set=
ac_cv_env_CPP_value=
ac_cv_env_CXXCPP_set=
ac_cv_env_CXXCPP_value=
ac_cv_env_CXXFLAGS_set=
ac_cv_env_CXXFLAGS_value=
ac_cv_env_CXX_set=
ac_cv_env_CXX_value=
ac_cv_env_LDFLAGS_set=
ac_cv_env_LDFLAGS_value=
ac_cv_env_LIBS_set=
ac_cv_env_LIBS_value=
ac_cv_env_LT_SYS_LIBRARY_PATH_set=
ac_cv_env_LT_SYS_LIBRARY_PATH_value=
ac_cv_env_YACC_set=
ac_cv_env_YACC_value=
ac_cv_env_YFLAGS_set=
ac_cv_env_YFLAGS_value=
ac_cv_env_build_alias_set=
ac_cv_env_build_alias_value=
ac_cv_env_host_alias_set=
ac_cv_env_host_alias_value=
ac_cv_env_target_alias_set=
ac_cv_env_target_alias_value=
ac_cv_func_alloca_works=yes
ac_cv_func_dup2=yes
ac_cv_func_fork=yes
ac_cv_func_fork_works=yes
ac_cv_func_malloc_0_nonnull=yes
ac_cv_func_memset=yes
ac_cv_func_pow=yes
ac_cv_func_realloc_0_nonnull=yes
ac_cv_func_reallocarray=yes
ac_cv_func_regcomp=yes
ac_cv_func_setlocale=yes
ac_cv_func_strcasecmp=yes
ac_cv_func_strchr=yes
ac_cv_func_strdup=yes
ac_cv_func_strtol=yes
ac_cv_func_vfork=yes
ac_cv_func_vfork_works=yes
ac_cv_header_dlfcn_h=yes
ac_cv_header_inttypes_h=yes
ac_cv_header_libintl_h=yes
ac_cv_header_limits_h=yes
ac_cv_header_locale_h=yes
ac_cv_header_malloc_h=yes
ac_cv_header_memory_h=yes
ac_cv_header_netinet_in_h=yes
ac_cv_header_pthread_h=yes
ac_cv_header_regex_h=yes
ac_cv_header_stdbool_h=yes
ac_cv_header_stdc=yes
ac_cv_header_stdint_h=yes
ac_cv_header_stdlib_h=yes
ac_cv_header_string_h=yes
ac_cv_header_strings_h=yes
ac_cv_header_sys_stat_h=yes
ac_cv_header_sys_types_h=yes
ac_cv_header_sys_wait_h=yes
ac_cv_header_unistd_h=yes
ac_cv_header_vfork_h=no
ac_cv_host=x86_64-pc-linux-gnu
ac_cv_lib_m_log10=yes
ac_cv_lib_pthread_pthread_mutex_lock=yes
ac_cv_objext=o
ac_cv_path_EGREP='/usr/bin/grep -E'
ac_cv_path_FGREP='/usr/bin/grep -F'
ac_cv_path_GMSGFMT=/usr/bin/msgfmt
ac_cv_path_GREP=/usr/bin/grep
ac_cv_path_HELP2MAN='${top_srcdir}/build-aux/missing help2man'
ac_cv_path_INDENT='${top_srcdir}/build-aux/missing indent'
ac_cv_path_M4=/usr/bin/m4
ac_cv_path_MSGFMT=/usr/bin/msgfmt
ac_cv_path_MSGMERGE=/usr/bin/msgmerge
ac_cv_path_SED=/usr/bin/sed
ac_cv_path_XGETTEXT=/usr/bin/xgettext
ac_cv_path_install='/usr/bin/install -c'
ac_cv_path_lt_DD=/usr/bin/dd
ac_cv_path_mkdir=/usr/bin/mkdir
ac_cv_prog_AWK=gawk
ac_cv_prog_CPP='gcc -E'
ac_cv_prog_CXXCPP='g++ -E'
ac_cv_prog_ac_ct_AR=ar
ac_cv_prog_ac_ct_CC=gcc
ac_cv_prog_ac_ct_CC_FOR_BUILD=gcc
ac_cv_prog_ac_ct_CXX=g++
ac_cv_prog_ac_ct_MANIFEST_TOOL=mt
ac_cv_prog_ac_ct_OBJDUMP=objdump
ac_cv_prog_ac_ct_RANLIB=ranlib
ac_cv_prog_ac_ct_STRIP=strip
ac_cv_prog_cc_c89=
ac_cv_prog_cc_g=yes
ac_cv_prog_cxx_g=yes
ac_cv_prog_make_make_set=yes
ac_cv_type__Bool=yes
ac_cv_type_pid_t=yes
ac_cv_type_size_t=yes
ac_cv_working_alloca_h=yes
acl_cv_hardcode_direct=no
acl_cv_hardcode_libdir_flag_spec='${wl}-rpath ${wl}$libdir'
acl_cv_hardcode_libdir_separator=
acl_cv_hardcode_minus_L=no
acl_cv_libext=a
acl_cv_libname_spec='lib$name'
acl_cv_library_names_spec='$libname$shrext'
acl_cv_path_LD='/usr/bin/ld -m elf_x86_64'
acl_cv_prog_gnu_ld=yes
acl_cv_rpath=done
acl_cv_shlibext=so
acl_cv_wl=-Wl,
am_cv_CC_dependencies_compiler_type=gcc3
am_cv_CXX_dependencies_compiler_type=gcc3
am_cv_make_support_nested_variables=yes
am_cv_prog_cc_c_o=yes
gt_cv_func_CFLocaleCopyCurrent=no
gt_cv_func_CFPreferencesCopyAppValue=no
gt_cv_func_gnugettext1_libc=yes
lt_cv_ar_at_file=@
lt_cv_archive_cmds_need_lc=no
lt_cv_deplibs_check_method=pass_all
lt_cv_file_magic_cmd='$MAGIC_CMD'
lt_cv_file_magic_test_file=
lt_cv_ld_reload_flag=-r
lt_cv_nm_interface='BSD nm'
lt_cv_objdir=.libs
lt_cv_path_LD=/usr/bin/ld
lt_cv_path_LDCXX='/usr/bin/ld -m elf_x86_64'
lt_cv_path_NM='/usr/bin/nm -B'
lt_cv_path_mainfest_tool=no
lt_cv_prog_compiler_c_o=yes
lt_cv_prog_compiler_c_o_CXX=yes
lt_cv_prog_compiler_pic='-fPIC -DPIC'
lt_cv_prog_compiler_pic_CXX='-fPIC -DPIC'
lt_cv_prog_compiler_pic_works=yes
lt_cv_prog_compiler_pic_works_CXX=yes
lt_cv_prog_compiler_rtti_exceptions=no
lt_cv_prog_compiler_static_works=yes
lt_cv_prog_compiler_static_works_CXX=yes
lt_cv_prog_gnu_ld=yes
lt_cv_prog_gnu_ldcxx=yes
lt_cv_sharedlib_from_linklib_cmd='printf %s\n'
lt_cv_shlibpath_overrides_runpath=yes
lt_cv_sys_global_symbol_pipe='sed -n -e '\''s/^.*[	 ]\([ABCDGIRSTW][ABCDGIRSTW]*\)[	 ][	 ]*\([_A-Za-z][_A-Za-z0-9]*\)$/\1 \2 \2/p'\'' | sed '\''/ __gnu_lto/d'\'''
lt_cv_sys_global_symbol_to_c_name_address='sed -n -e '\''s/^: \(.*\) .*$/  {"\1", (void *) 0},/p'\'' -e '\''s/^[ABCDGIRSTW][ABCDGIRSTW]* .* \(.*\)$/  {"\1", (void *) \&\1},/p'\'''
lt_cv_sys_global_symbol_to_c_name_address_lib_prefix='sed -n -e '\''s/^: \(.*\) .*$/  {"\1", (void *) 0},/p'\'' -e '\''s/^[ABCDGIRSTW][ABCDGIRSTW]* .* \(lib.*\)$/  {"\1", (void *) \&\1},/p'\'' -e '\''s/^[ABCDGIRSTW][ABCDGIRSTW]* .* \(.*\)$/  {"lib\1", (void *) \&\1},/p'\'''
lt_cv_sys_global_symbol_to_cdecl='sed -n -e '\''s/^T .* \(.*\)$/extern int \1();/p'\'' -e '\''s/^[ABCDGIRSTW][ABCDGIRSTW]* .* \(.*\)$/extern char \1;/p'\'''
lt_cv_sys_global_symbol_to_import=
lt_cv_sys_max_cmd_len=1572864
lt_cv_to_host_file_cmd=func_convert_file_noop
lt_cv_to_tool_file_cmd=func_convert_file_noop
lt_cv_truncate_bin='/usr/bin/dd bs=4096 count=1'

## ----------------- ##
## Output variables. ##
## ----------------- ##

ACLOCAL='${SHELL} /home/nontawat/SecMED-Libs/flex-2.6.4/build-aux/missing aclocal-1.15'
ALLOCA=''
AMDEPBACKSLASH='\'
AMDEP_FALSE='#'
AMDEP_TRUE=''
AMTAR='$${TAR-tar}'
AM_BACKSLASH='\'
AM_DEFAULT_V='$(AM_DEFAULT_VERBOSITY)'
AM_DEFAULT_VERBOSITY='1'
AM_V='$(V)'
AR='ar'
AUTOCONF='${SHELL} /home/nontawat/SecMED-Libs/flex-2.6.4/build-aux/missing autoconf'
AUTOHEADER='${SHELL} /home/nontawat/SecMED-Libs/flex-2.6.4/build-aux/missing autoheader'
AUTOMAKE='${SHELL} /home/nontawat/SecMED-Libs/flex-2.6.4/build-aux/missing automake-1.15'
AWK='gawk'
BUILD_EXEEXT=''
BUILD_OBJEXT=''
CC='gcc'
CCDEPMODE='depmode=gcc3'
CC_FOR_BUILD='gcc'
CFLAGS='-g -O2'
CFLAGS_FOR_BUILD='-g -O2'
CPP='gcc -E'
CPPFLAGS=''
CPPFLAGS_FOR_BUILD=''
CPP_FOR_BUILD='gcc -E'
CROSS_FALSE=''
CROSS_TRUE='#'
CXX='g++'
CXXCPP='g++ -E'
CXXDEPMODE='depmode=gcc3'
CXXFLAGS='-g -O2'
CYGPATH_W='echo'
DEFS='-DHAVE_CONFIG_H'
DEPDIR='.deps'
DLLTOOL='false'
DSYMUTIL=''
DUMPBIN=''
ECHO_C=''
ECHO_N='-n'
ECHO_T=''
EGREP='/usr/bin/grep -E'
ENABLE_BOOTSTRAP_FALSE='#'
ENABLE_BOOTSTRAP_TRUE=''
ENABLE_LIBFL_FALSE='#'
ENABLE_LIBFL_TRUE=''
EXEEXT=''
FGREP='/usr/bin/grep -F'
GETTEXT_MACRO_VERSION='0.18'
GMSGFMT='/usr/bin/msgfmt'
GMSGFMT_015='/usr/bin/msgfmt'
GREP='/usr/bin/grep'
HAVE_BISON_FALSE=''
HAVE_BISON_TRUE='#'
HELP2MAN='${top_srcdir}/build-aux/missing help2man'
INDENT='${top_srcdir}/build-aux/missing indent'
INSTALL_DATA='${INSTALL} -m 644'
INSTALL_PROGRAM='${INSTALL}'
INSTALL_SCRIPT='${INSTALL}'
INSTALL_STRIP_PROGRAM='$(install_sh) -c -s'
INTLLIBS=''
INTL_MACOSX_LIBS=''
LD='/usr/bin/ld -m elf_x86_64'
LDFLAGS=''
LDFLAGS_FOR_BUILD=''
LEX='${SHELL} /home/nontawat/SecMED-Libs/flex-2.6.4/build-aux/missing flex'
LEXLIB=''
LEX_OUTPUT_ROOT=''
LIBICONV='-liconv'
LIBINTL=''
LIBOBJS=''
LIBPTHREAD='-lpthread'
LIBS='-lm '
LIBTOOL='$(SHELL) $(top_builddir)/libtool'
LIPO=''
LN_S='ln -s'
LTLIBICONV='-liconv'
LTLIBINTL=''
LTLIBOBJS=''
LT_SYS_LIBRARY_PATH=''
M4='/usr/bin/m4'
MAKEINFO='${SHELL} /home/nontawat/SecMED-Libs/flex-2.6.4/build-aux/missing makeinfo'
MANIFEST_TOOL=':'
MKDIR_P='/usr/bin/mkdir -p'
MSGFMT='/usr/bin/msgfmt'
MSGFMT_015='/usr/bin/msgfmt'
MSGMERGE='/usr/bin/msgmerge'
NM='/usr/bin/nm -B'
NMEDIT=''
OBJDUMP='objdump'
OBJEXT='o'
OTOOL64=''
OTOOL=''
PACKAGE='flex'
PACKAGE_BUGREPORT='flex-help@lists.sourceforge.net'
PACKAGE_NAME='the fast lexical analyser generator'
PACKAGE_STRING='the fast lexical analyser generator 2.6.4'
PACKAGE_TARNAME='flex'
PACKAGE_URL=''
PACKAGE_VERSION='2.6.4'
PATH_SEPARATOR=':'
POSUB='po'
RANLIB='ranlib'
SED='/usr/bin/sed'
SET_MAKE=''
SHARED_VERSION_INFO='2:0:0'
SHELL='/bin/bash'
STRIP='strip'
TEXI2DVI='${top_srcdir}/build-aux/missing texi2dvi'
USE_NLS='yes'
VERSION='2.6.4'
WARNINGFLAGS=''
XGETTEXT='/usr/bin/xgettext'
XGETTEXT_015='/usr/bin/xgettext'
XGETTEXT_EXTRA_OPTIONS=''
YACC='${top_srcdir}/build-aux/missing bison -y'
YFLAGS=''
ac_ct_AR='ar'
ac_ct_CC='gcc'
ac_ct_CC_FOR_BUILD='gcc'
ac_ct_CXX='g++'
ac_ct_DUMPBIN=''
am__EXEEXT_FALSE=''
am__EXEEXT_TRUE='#'
am__fastdepCC_FALSE='#'
am__fastdepCC_TRUE=''
am__fastdepCXX_FALSE='#'
am__fastdepCXX_TRUE=''
am__include='include'
am__isrc=''
am__leading_dot='.'
am__nodep='_no'
am__quote=''
am__tar='$${TAR-tar} chof - "$$tardir"'
am__untar='$${TAR-tar} xf -'
bindir='${exec_prefix}/bin'
build='x86_64-pc-linux-gnu'
build_alias=''
build_cpu='x86_64'
build_os='linux-gnu'
build_vendor='pc'
datadir='${datarootdir}'
datarootdir='${prefix}/share'
docdir='${datarootdir}/doc/${PACKAGE_TARNAME}'
dvidir='${docdir}'
exec_prefix='${prefix}'
host='x86_64-pc-linux-gnu'
host_alias=''
host_cpu='x86_64'
host_os='linux-gnu'
host_vendor='pc'
htmldir='${docdir}'
includedir='${prefix}/include'
infodir='${datarootdir}/info'
install_sh='${SHELL} /home/nontawat/SecMED-Libs/flex-2.6.4/build-aux/install-sh'
libdir='${exec_prefix}/lib'
libexecdir='${exec_prefix}/libexec'
localedir='${datarootdir}/locale'
localstatedir='${prefix}/var'
mandir='${datarootdir}/man'
mkdir_p='/usr/bin/mkdir -p'
oldincludedir='/usr/include'
pdfdir='${docdir}'
prefix='/usr/local'
program_transform_name='s,x,x,'
psdir='${docdir}'
runstatedir='${localstatedir}/run'
sbindir='${exec_prefix}/sbin'
sharedstatedir='${prefix}/com'
sysconfdir='${prefix}/etc'
target_alias=''

## ----------- ##
## confdefs.h. ##
## ----------- ##

/* confdefs.h */
#define PACKAGE_NAME "the fast lexical analyser generator"
#define PACKAGE_TARNAME "flex"
#define PACKAGE_VERSION "2.6.4"
#define PACKAGE_STRING "the fast lexical analyser generator 2.6.4"
#define PACKAGE_BUGREPORT "flex-help@lists.sourceforge.net"
#define PACKAGE_URL ""
#define STDC_HEADERS 1
#define HAVE_SYS_TYPES_H 1
#define HAVE_SYS_STAT_H 1
#define HAVE_STDLIB_H 1
#define HAVE_STRING_H 1
#define HAVE_MEMORY_H 1
#define HAVE_STRINGS_H 1
#define HAVE_INTTYPES_H 1
#define HAVE_STDINT_H 1
#define HAVE_UNISTD_H 1
#define HAVE_DLFCN_H 1
#define LT_OBJDIR ".libs/"
#define PACKAGE "flex"
#define VERSION "2.6.4"
#define ENABLE_NLS 1
#define HAVE_GETTEXT 1
#define HAVE_DCGETTEXT 1
#define M4 "/usr/bin/m4"
#define HAVE_REGEX_H 1
#define HAVE_STRINGS_H 1
#define HAVE_SYS_STAT_H 1
#define HAVE_SYS_WAIT_H 1
#define HAVE_UNISTD_H 1
#define HAVE_INTTYPES_H 1
#define HAVE_LIBINTL_H 1
#define HAVE_LIMITS_H 1
#define HAVE_LOCALE_H 1
#define HAVE_MALLOC_H 1
#define HAVE_NETINET_IN_H 1
#define HAVE_PTHREAD_H 1
#define HAVE_LIBM 1
#define HAVE__BOOL 1
#define HAVE_STDBOOL_H 1
#define HAVE_ALLOCA_H 1
#define HAVE_ALLOCA 1
#define HAVE_FORK 1
#define HAVE_VFORK 1
#define HAVE_WORKING_VFORK 1
#define HAVE_WORKING_FORK 1
#define HAVE_STDLIB_H 1
#define HAVE_MALLOC 1
#define HAVE_STDLIB_H 1
#define HAVE_REALLOC 1
#define HAVE_DUP2 1
#define HAVE_MEMSET 1
#define HAVE_REGCOMP 1
#define HAVE_STRCASECMP 1
#define HAVE_STRCHR 1
#define HAVE_STRDUP 1
#define HAVE_STRTOL 1
#define HAVE_POW 1
#define HAVE_SETLOCALE 1
#define HAVE_REALLOCARRAY 1

configure: exit 0
